{"/home/otto/repos/cs-2019-01/aula-07/vetor/js/exercicios7.js": {"path":"/home/otto/repos/cs-2019-01/aula-07/vetor/js/exercicios7.js","statementMap":{"0":{"start":{"line":16,"column":4},"end":{"line":21,"column":5}},"1":{"start":{"line":16,"column":17},"end":{"line":16,"column":18}},"2":{"start":{"line":17,"column":8},"end":{"line":20,"column":9}},"3":{"start":{"line":18,"column":12},"end":{"line":19,"column":34}},"4":{"start":{"line":23,"column":4},"end":{"line":23,"column":17}},"5":{"start":{"line":25,"column":4},"end":{"line":25,"column":20}},"6":{"start":{"line":36,"column":4},"end":{"line":38,"column":5}},"7":{"start":{"line":37,"column":8},"end":{"line":37,"column":64}},"8":{"start":{"line":40,"column":4},"end":{"line":45,"column":5}},"9":{"start":{"line":40,"column":17},"end":{"line":40,"column":18}},"10":{"start":{"line":41,"column":8},"end":{"line":44,"column":9}},"11":{"start":{"line":42,"column":12},"end":{"line":43,"column":34}},"12":{"start":{"line":47,"column":20},"end":{"line":47,"column":21}},"13":{"start":{"line":49,"column":4},"end":{"line":53,"column":5}},"14":{"start":{"line":49,"column":17},"end":{"line":49,"column":18}},"15":{"start":{"line":50,"column":8},"end":{"line":52,"column":9}},"16":{"start":{"line":51,"column":12},"end":{"line":51,"column":45}},"17":{"start":{"line":55,"column":4},"end":{"line":55,"column":21}},"18":{"start":{"line":67,"column":4},"end":{"line":69,"column":5}},"19":{"start":{"line":68,"column":8},"end":{"line":68,"column":66}},"20":{"start":{"line":71,"column":14},"end":{"line":71,"column":17}},"21":{"start":{"line":73,"column":4},"end":{"line":73,"column":48}},"22":{"start":{"line":79,"column":0},"end":{"line":81,"column":40}}},"fnMap":{"0":{"name":"menorTemp","decl":{"start":{"line":15,"column":9},"end":{"line":15,"column":18}},"loc":{"start":{"line":15,"column":26},"end":{"line":26,"column":1}},"line":15},"1":{"name":"somaImpares","decl":{"start":{"line":35,"column":9},"end":{"line":35,"column":20}},"loc":{"start":{"line":35,"column":28},"end":{"line":56,"column":1}},"line":35},"2":{"name":"contaLetras","decl":{"start":{"line":66,"column":9},"end":{"line":66,"column":20}},"loc":{"start":{"line":66,"column":26},"end":{"line":74,"column":1}},"line":66}},"branchMap":{"0":{"loc":{"start":{"line":17,"column":8},"end":{"line":20,"column":9}},"type":"if","locations":[{"start":{"line":17,"column":8},"end":{"line":20,"column":9}},{"start":{"line":17,"column":8},"end":{"line":20,"column":9}}],"line":17},"1":{"loc":{"start":{"line":36,"column":4},"end":{"line":38,"column":5}},"type":"if","locations":[{"start":{"line":36,"column":4},"end":{"line":38,"column":5}},{"start":{"line":36,"column":4},"end":{"line":38,"column":5}}],"line":36},"2":{"loc":{"start":{"line":36,"column":8},"end":{"line":36,"column":46}},"type":"binary-expr","locations":[{"start":{"line":36,"column":8},"end":{"line":36,"column":21}},{"start":{"line":36,"column":25},"end":{"line":36,"column":46}}],"line":36},"3":{"loc":{"start":{"line":41,"column":8},"end":{"line":44,"column":9}},"type":"if","locations":[{"start":{"line":41,"column":8},"end":{"line":44,"column":9}},{"start":{"line":41,"column":8},"end":{"line":44,"column":9}}],"line":41},"4":{"loc":{"start":{"line":50,"column":8},"end":{"line":52,"column":9}},"type":"if","locations":[{"start":{"line":50,"column":8},"end":{"line":52,"column":9}},{"start":{"line":50,"column":8},"end":{"line":52,"column":9}}],"line":50},"5":{"loc":{"start":{"line":67,"column":4},"end":{"line":69,"column":5}},"type":"if","locations":[{"start":{"line":67,"column":4},"end":{"line":69,"column":5}},{"start":{"line":67,"column":4},"end":{"line":69,"column":5}}],"line":67}},"s":{"0":3,"1":3,"2":23,"3":1,"4":2,"5":2,"6":3,"7":1,"8":2,"9":2,"10":12,"11":1,"12":1,"13":1,"14":1,"15":11,"16":4,"17":1,"18":3,"19":1,"20":2,"21":2,"22":3},"f":{"0":3,"1":3,"2":3},"b":{"0":[1,22],"1":[1,2],"2":[3,2],"3":[1,11],"4":[4,7],"5":[1,2]},"_coverageSchema":"43e27e138ebf9cfc5966b082cf9a028302ed4184","hash":"0c79e5f3606104e5ba0b173096039613a6d3fa18"}
}
