TN:
SF:/home/otto/repos/cs-2019-01/aula-07/vetor/js/exercicios7.js
FN:15,menorTemp
FN:35,somaImpares
FN:66,contaLetras
FNF:3
FNH:3
FNDA:3,menorTemp
FNDA:3,somaImpares
FNDA:3,contaLetras
DA:16,3
DA:17,23
DA:18,1
DA:23,2
DA:25,2
DA:36,3
DA:37,1
DA:40,2
DA:41,12
DA:42,1
DA:47,1
DA:49,1
DA:50,11
DA:51,4
DA:55,1
DA:67,3
DA:68,1
DA:71,2
DA:73,2
DA:79,3
LF:20
LH:20
BRDA:17,0,0,1
BRDA:17,0,1,22
BRDA:36,1,0,1
BRDA:36,1,1,2
BRDA:36,2,0,3
BRDA:36,2,1,2
BRDA:41,3,0,1
BRDA:41,3,1,11
BRDA:50,4,0,4
BRDA:50,4,1,7
BRDA:67,5,0,1
BRDA:67,5,1,2
BRF:12
BRH:12
end_of_record
