<?xml version="1.0" encoding="UTF-8"?>
<coverage generated="1559144320445" clover="3.2.0">
  <project timestamp="1559144320446" name="All files">
    <metrics statements="289" coveredstatements="289" conditionals="174" coveredconditionals="174" methods="24" coveredmethods="24" elements="487" coveredelements="487" complexity="0" loc="289" ncloc="289" packages="1" files="1" classes="1"/>
    <file name="algoritmos.js" path="/home/otto/repos/cs-2019-01/aula-01/js/algoritmos.js">
      <metrics statements="289" coveredstatements="289" conditionals="174" coveredconditionals="174" methods="24" coveredmethods="24"/>
      <line num="17" count="9" type="cond" truecount="5" falsecount="0"/>
      <line num="19" count="1" type="stmt"/>
      <line num="22" count="8" type="cond" truecount="5" falsecount="0"/>
      <line num="23" count="5" type="stmt"/>
      <line num="27" count="3" type="stmt"/>
      <line num="28" count="3" type="stmt"/>
      <line num="29" count="3" type="stmt"/>
      <line num="30" count="3" type="stmt"/>
      <line num="31" count="3" type="stmt"/>
      <line num="32" count="3" type="stmt"/>
      <line num="33" count="3" type="stmt"/>
      <line num="34" count="3" type="stmt"/>
      <line num="36" count="3" type="cond" truecount="4" falsecount="0"/>
      <line num="37" count="2" type="stmt"/>
      <line num="38" count="2" type="stmt"/>
      <line num="41" count="3" type="stmt"/>
      <line num="44" count="3" type="stmt"/>
      <line num="55" count="8" type="cond" truecount="2" falsecount="0"/>
      <line num="66" count="6" type="cond" truecount="2" falsecount="0"/>
      <line num="77" count="4" type="stmt"/>
      <line num="88" count="4" type="stmt"/>
      <line num="89" count="4" type="stmt"/>
      <line num="91" count="4" type="cond" truecount="2" falsecount="0"/>
      <line num="92" count="1" type="stmt"/>
      <line num="95" count="3" type="cond" truecount="4" falsecount="0"/>
      <line num="96" count="1" type="stmt"/>
      <line num="99" count="2" type="stmt"/>
      <line num="100" count="2" type="stmt"/>
      <line num="101" count="2" type="stmt"/>
      <line num="102" count="2" type="stmt"/>
      <line num="103" count="2" type="stmt"/>
      <line num="104" count="2" type="stmt"/>
      <line num="105" count="2" type="stmt"/>
      <line num="106" count="2" type="stmt"/>
      <line num="108" count="2" type="stmt"/>
      <line num="119" count="7" type="stmt"/>
      <line num="120" count="7" type="stmt"/>
      <line num="122" count="7" type="cond" truecount="2" falsecount="0"/>
      <line num="123" count="2" type="stmt"/>
      <line num="126" count="5" type="cond" truecount="4" falsecount="0"/>
      <line num="127" count="2" type="stmt"/>
      <line num="130" count="3" type="cond" truecount="2" falsecount="0"/>
      <line num="131" count="1" type="stmt"/>
      <line num="134" count="2" type="stmt"/>
      <line num="135" count="2" type="stmt"/>
      <line num="137" count="2" type="stmt"/>
      <line num="138" count="2" type="stmt"/>
      <line num="150" count="29" type="stmt"/>
      <line num="152" count="29" type="cond" truecount="4" falsecount="0"/>
      <line num="153" count="2" type="stmt"/>
      <line num="156" count="27" type="cond" truecount="4" falsecount="0"/>
      <line num="157" count="2" type="stmt"/>
      <line num="160" count="25" type="stmt"/>
      <line num="162" count="25" type="stmt"/>
      <line num="163" count="313" type="stmt"/>
      <line num="166" count="25" type="stmt"/>
      <line num="178" count="4" type="stmt"/>
      <line num="180" count="4" type="cond" truecount="2" falsecount="0"/>
      <line num="181" count="1" type="stmt"/>
      <line num="184" count="3" type="cond" truecount="2" falsecount="0"/>
      <line num="185" count="1" type="stmt"/>
      <line num="188" count="2" type="stmt"/>
      <line num="189" count="2" type="stmt"/>
      <line num="191" count="2" type="stmt"/>
      <line num="192" count="1" type="stmt"/>
      <line num="193" count="1" type="stmt"/>
      <line num="196" count="2" type="stmt"/>
      <line num="206" count="3" type="stmt"/>
      <line num="207" count="3" type="cond" truecount="2" falsecount="0"/>
      <line num="208" count="1" type="stmt"/>
      <line num="211" count="2" type="cond" truecount="2" falsecount="0"/>
      <line num="212" count="1" type="stmt"/>
      <line num="215" count="1" type="stmt"/>
      <line num="216" count="1" type="stmt"/>
      <line num="218" count="1" type="stmt"/>
      <line num="219" count="4" type="stmt"/>
      <line num="220" count="4" type="stmt"/>
      <line num="223" count="1" type="stmt"/>
      <line num="234" count="7" type="stmt"/>
      <line num="236" count="7" type="cond" truecount="4" falsecount="0"/>
      <line num="237" count="2" type="stmt"/>
      <line num="240" count="5" type="cond" truecount="4" falsecount="0"/>
      <line num="241" count="2" type="stmt"/>
      <line num="244" count="3" type="stmt"/>
      <line num="245" count="3" type="stmt"/>
      <line num="246" count="3" type="cond" truecount="2" falsecount="0"/>
      <line num="247" count="1" type="stmt"/>
      <line num="248" count="1" type="stmt"/>
      <line num="251" count="3" type="stmt"/>
      <line num="252" count="3" type="stmt"/>
      <line num="253" count="3" type="stmt"/>
      <line num="254" count="8" type="stmt"/>
      <line num="255" count="8" type="stmt"/>
      <line num="258" count="3" type="stmt"/>
      <line num="269" count="5" type="cond" truecount="4" falsecount="0"/>
      <line num="270" count="2" type="stmt"/>
      <line num="273" count="3" type="cond" truecount="4" falsecount="0"/>
      <line num="274" count="2" type="stmt"/>
      <line num="277" count="1" type="stmt"/>
      <line num="278" count="1" type="stmt"/>
      <line num="279" count="1" type="stmt"/>
      <line num="280" count="2" type="stmt"/>
      <line num="281" count="2" type="stmt"/>
      <line num="284" count="1" type="stmt"/>
      <line num="295" count="3" type="stmt"/>
      <line num="296" count="3" type="cond" truecount="2" falsecount="0"/>
      <line num="297" count="1" type="stmt"/>
      <line num="300" count="2" type="cond" truecount="2" falsecount="0"/>
      <line num="301" count="1" type="stmt"/>
      <line num="304" count="1" type="stmt"/>
      <line num="305" count="1" type="stmt"/>
      <line num="306" count="1" type="stmt"/>
      <line num="308" count="1" type="stmt"/>
      <line num="309" count="1000" type="stmt"/>
      <line num="310" count="1000" type="stmt"/>
      <line num="311" count="1000" type="stmt"/>
      <line num="312" count="1000" type="stmt"/>
      <line num="315" count="1" type="stmt"/>
      <line num="327" count="5" type="stmt"/>
      <line num="328" count="5" type="stmt"/>
      <line num="330" count="5" type="cond" truecount="4" falsecount="0"/>
      <line num="331" count="2" type="stmt"/>
      <line num="334" count="3" type="cond" truecount="4" falsecount="0"/>
      <line num="335" count="2" type="stmt"/>
      <line num="338" count="1" type="stmt"/>
      <line num="339" count="1" type="stmt"/>
      <line num="340" count="1" type="stmt"/>
      <line num="341" count="1" type="stmt"/>
      <line num="343" count="1" type="stmt"/>
      <line num="344" count="1" type="stmt"/>
      <line num="345" count="1" type="stmt"/>
      <line num="346" count="1" type="stmt"/>
      <line num="347" count="1" type="stmt"/>
      <line num="350" count="1" type="stmt"/>
      <line num="363" count="7" type="stmt"/>
      <line num="365" count="7" type="cond" truecount="5" falsecount="0"/>
      <line num="367" count="3" type="stmt"/>
      <line num="370" count="4" type="cond" truecount="5" falsecount="0"/>
      <line num="371" count="3" type="stmt"/>
      <line num="374" count="1" type="stmt"/>
      <line num="375" count="1" type="stmt"/>
      <line num="376" count="1" type="stmt"/>
      <line num="379" count="1" type="stmt"/>
      <line num="380" count="1000" type="stmt"/>
      <line num="381" count="1000" type="stmt"/>
      <line num="382" count="1000" type="stmt"/>
      <line num="383" count="1000" type="stmt"/>
      <line num="386" count="1" type="stmt"/>
      <line num="396" count="4" type="stmt"/>
      <line num="398" count="4" type="cond" truecount="2" falsecount="0"/>
      <line num="399" count="1" type="stmt"/>
      <line num="402" count="3" type="cond" truecount="2" falsecount="0"/>
      <line num="403" count="1" type="stmt"/>
      <line num="406" count="2" type="stmt"/>
      <line num="407" count="2" type="stmt"/>
      <line num="409" count="2" type="stmt"/>
      <line num="410" count="8" type="stmt"/>
      <line num="411" count="8" type="stmt"/>
      <line num="414" count="2" type="stmt"/>
      <line num="425" count="4" type="stmt"/>
      <line num="426" count="4" type="cond" truecount="4" falsecount="0"/>
      <line num="427" count="2" type="stmt"/>
      <line num="430" count="2" type="cond" truecount="2" falsecount="0"/>
      <line num="431" count="1" type="stmt"/>
      <line num="434" count="1" type="stmt"/>
      <line num="436" count="1" type="stmt"/>
      <line num="437" count="101" type="stmt"/>
      <line num="438" count="101" type="stmt"/>
      <line num="441" count="1" type="stmt"/>
      <line num="451" count="7" type="stmt"/>
      <line num="453" count="7" type="cond" truecount="2" falsecount="0"/>
      <line num="454" count="1" type="stmt"/>
      <line num="457" count="6" type="cond" truecount="2" falsecount="0"/>
      <line num="458" count="1" type="stmt"/>
      <line num="461" count="5" type="stmt"/>
      <line num="463" count="5" type="stmt"/>
      <line num="464" count="247" type="cond" truecount="2" falsecount="0"/>
      <line num="465" count="2" type="stmt"/>
      <line num="468" count="245" type="stmt"/>
      <line num="471" count="3" type="stmt"/>
      <line num="481" count="3" type="cond" truecount="4" falsecount="0"/>
      <line num="482" count="1" type="stmt"/>
      <line num="485" count="2" type="stmt"/>
      <line num="487" count="2" type="stmt"/>
      <line num="488" count="29" type="cond" truecount="2" falsecount="0"/>
      <line num="489" count="1" type="stmt"/>
      <line num="494" count="1" type="stmt"/>
      <line num="496" count="1" type="stmt"/>
      <line num="498" count="1" type="stmt"/>
      <line num="499" count="3" type="cond" truecount="2" falsecount="0"/>
      <line num="500" count="2" type="stmt"/>
      <line num="501" count="2" type="stmt"/>
      <line num="502" count="13" type="stmt"/>
      <line num="503" count="13" type="stmt"/>
      <line num="508" count="1" type="stmt"/>
      <line num="520" count="5" type="cond" truecount="4" falsecount="0"/>
      <line num="521" count="2" type="stmt"/>
      <line num="524" count="3" type="cond" truecount="4" falsecount="0"/>
      <line num="525" count="2" type="stmt"/>
      <line num="530" count="1" type="stmt"/>
      <line num="531" count="3" type="stmt"/>
      <line num="532" count="3" type="stmt"/>
      <line num="533" count="3" type="stmt"/>
      <line num="536" count="1" type="stmt"/>
      <line num="547" count="5" type="stmt"/>
      <line num="548" count="5" type="cond" truecount="4" falsecount="0"/>
      <line num="549" count="2" type="stmt"/>
      <line num="552" count="3" type="cond" truecount="4" falsecount="0"/>
      <line num="553" count="2" type="stmt"/>
      <line num="556" count="1" type="stmt"/>
      <line num="557" count="10" type="cond" truecount="2" falsecount="0"/>
      <line num="558" count="9" type="stmt"/>
      <line num="561" count="1" type="stmt"/>
      <line num="565" count="1" type="stmt"/>
      <line num="576" count="6" type="cond" truecount="4" falsecount="0"/>
      <line num="577" count="2" type="stmt"/>
      <line num="580" count="4" type="stmt"/>
      <line num="582" count="4" type="stmt"/>
      <line num="583" count="9" type="cond" truecount="2" falsecount="0"/>
      <line num="584" count="1" type="stmt"/>
      <line num="589" count="3" type="cond" truecount="2" falsecount="0"/>
      <line num="590" count="1" type="stmt"/>
      <line num="593" count="2" type="cond" truecount="2" falsecount="0"/>
      <line num="594" count="1" type="stmt"/>
      <line num="597" count="1" type="stmt"/>
      <line num="599" count="1" type="stmt"/>
      <line num="600" count="3" type="stmt"/>
      <line num="603" count="1" type="stmt"/>
      <line num="614" count="5" type="stmt"/>
      <line num="616" count="5" type="cond" truecount="2" falsecount="0"/>
      <line num="617" count="1" type="stmt"/>
      <line num="620" count="4" type="cond" truecount="2" falsecount="0"/>
      <line num="621" count="1" type="stmt"/>
      <line num="624" count="3" type="stmt"/>
      <line num="625" count="3" type="stmt"/>
      <line num="627" count="3" type="cond" truecount="4" falsecount="0"/>
      <line num="628" count="2" type="stmt"/>
      <line num="631" count="1" type="stmt"/>
      <line num="633" count="1" type="stmt"/>
      <line num="634" count="6" type="stmt"/>
      <line num="635" count="6" type="stmt"/>
      <line num="636" count="6" type="stmt"/>
      <line num="637" count="6" type="stmt"/>
      <line num="640" count="1" type="stmt"/>
      <line num="651" count="10" type="stmt"/>
      <line num="652" count="10" type="stmt"/>
      <line num="653" count="10" type="stmt"/>
      <line num="654" count="10" type="stmt"/>
      <line num="656" count="10" type="cond" truecount="4" falsecount="0"/>
      <line num="657" count="2" type="stmt"/>
      <line num="660" count="8" type="cond" truecount="2" falsecount="0"/>
      <line num="661" count="2" type="stmt"/>
      <line num="664" count="6" type="stmt"/>
      <line num="666" count="6" type="stmt"/>
      <line num="667" count="56" type="cond" truecount="5" falsecount="0"/>
      <line num="668" count="3" type="stmt"/>
      <line num="673" count="3" type="stmt"/>
      <line num="674" count="3" type="stmt"/>
      <line num="676" count="3" type="stmt"/>
      <line num="677" count="27" type="stmt"/>
      <line num="678" count="27" type="stmt"/>
      <line num="681" count="3" type="stmt"/>
      <line num="682" count="3" type="stmt"/>
      <line num="684" count="3" type="cond" truecount="2" falsecount="0"/>
      <line num="694" count="10" type="stmt"/>
      <line num="695" count="10" type="stmt"/>
      <line num="696" count="10" type="stmt"/>
      <line num="697" count="10" type="stmt"/>
      <line num="698" count="10" type="stmt"/>
      <line num="699" count="10" type="stmt"/>
      <line num="700" count="10" type="stmt"/>
      <line num="702" count="10" type="cond" truecount="4" falsecount="0"/>
      <line num="703" count="2" type="stmt"/>
      <line num="706" count="8" type="cond" truecount="2" falsecount="0"/>
      <line num="707" count="2" type="stmt"/>
      <line num="710" count="6" type="stmt"/>
      <line num="711" count="56" type="cond" truecount="5" falsecount="0"/>
      <line num="713" count="3" type="stmt"/>
      <line num="718" count="3" type="stmt"/>
      <line num="719" count="3" type="stmt"/>
      <line num="720" count="3" type="stmt"/>
      <line num="722" count="3" type="stmt"/>
      <line num="723" count="24" type="stmt"/>
      <line num="724" count="24" type="stmt"/>
      <line num="725" count="24" type="stmt"/>
      <line num="728" count="3" type="stmt"/>
      <line num="729" count="3" type="stmt"/>
      <line num="732" count="3" type="cond" truecount="2" falsecount="0"/>
      <line num="738" count="21" type="stmt"/>
    </file>
  </project>
</coverage>
