{"/home/otto/repos/cs-2019-01/aula-01/js/algoritmos.js": {"path":"/home/otto/repos/cs-2019-01/aula-01/js/algoritmos.js","statementMap":{"0":{"start":{"line":17,"column":4},"end":{"line":20,"column":5}},"1":{"start":{"line":19,"column":8},"end":{"line":19,"column":72}},"2":{"start":{"line":22,"column":4},"end":{"line":25,"column":5}},"3":{"start":{"line":23,"column":8},"end":{"line":24,"column":42}},"4":{"start":{"line":27,"column":18},"end":{"line":27,"column":20}},"5":{"start":{"line":28,"column":18},"end":{"line":28,"column":19}},"6":{"start":{"line":29,"column":20},"end":{"line":29,"column":21}},"7":{"start":{"line":30,"column":21},"end":{"line":30,"column":22}},"8":{"start":{"line":31,"column":22},"end":{"line":31,"column":23}},"9":{"start":{"line":32,"column":19},"end":{"line":32,"column":22}},"10":{"start":{"line":33,"column":28},"end":{"line":33,"column":31}},"11":{"start":{"line":34,"column":20},"end":{"line":34,"column":21}},"12":{"start":{"line":36,"column":4},"end":{"line":39,"column":5}},"13":{"start":{"line":37,"column":8},"end":{"line":37,"column":21}},"14":{"start":{"line":38,"column":8},"end":{"line":38,"column":21}},"15":{"start":{"line":41,"column":22},"end":{"line":43,"column":54}},"16":{"start":{"line":44,"column":4},"end":{"line":44,"column":43}},"17":{"start":{"line":55,"column":4},"end":{"line":55,"column":31}},"18":{"start":{"line":66,"column":4},"end":{"line":66,"column":31}},"19":{"start":{"line":77,"column":4},"end":{"line":77,"column":22}},"20":{"start":{"line":88,"column":22},"end":{"line":88,"column":25}},"21":{"start":{"line":89,"column":22},"end":{"line":89,"column":25}},"22":{"start":{"line":91,"column":4},"end":{"line":93,"column":5}},"23":{"start":{"line":92,"column":8},"end":{"line":92,"column":72}},"24":{"start":{"line":95,"column":4},"end":{"line":97,"column":5}},"25":{"start":{"line":96,"column":8},"end":{"line":96,"column":62}},"26":{"start":{"line":99,"column":21},"end":{"line":99,"column":22}},"27":{"start":{"line":100,"column":23},"end":{"line":100,"column":26}},"28":{"start":{"line":101,"column":22},"end":{"line":101,"column":24}},"29":{"start":{"line":102,"column":20},"end":{"line":102,"column":51}},"30":{"start":{"line":103,"column":18},"end":{"line":103,"column":37}},"31":{"start":{"line":104,"column":19},"end":{"line":104,"column":48}},"32":{"start":{"line":105,"column":20},"end":{"line":105,"column":37}},"33":{"start":{"line":106,"column":16},"end":{"line":107,"column":32}},"34":{"start":{"line":108,"column":4},"end":{"line":108,"column":25}},"35":{"start":{"line":119,"column":22},"end":{"line":119,"column":23}},"36":{"start":{"line":120,"column":22},"end":{"line":120,"column":26}},"37":{"start":{"line":122,"column":4},"end":{"line":124,"column":5}},"38":{"start":{"line":123,"column":8},"end":{"line":123,"column":63}},"39":{"start":{"line":126,"column":4},"end":{"line":128,"column":5}},"40":{"start":{"line":127,"column":8},"end":{"line":127,"column":61}},"41":{"start":{"line":130,"column":4},"end":{"line":132,"column":5}},"42":{"start":{"line":131,"column":8},"end":{"line":131,"column":64}},"43":{"start":{"line":134,"column":20},"end":{"line":134,"column":46}},"44":{"start":{"line":135,"column":18},"end":{"line":135,"column":30}},"45":{"start":{"line":137,"column":21},"end":{"line":137,"column":53}},"46":{"start":{"line":138,"column":4},"end":{"line":138,"column":32}},"47":{"start":{"line":150,"column":19},"end":{"line":150,"column":20}},"48":{"start":{"line":152,"column":4},"end":{"line":154,"column":5}},"49":{"start":{"line":153,"column":8},"end":{"line":153,"column":72}},"50":{"start":{"line":156,"column":4},"end":{"line":158,"column":5}},"51":{"start":{"line":157,"column":8},"end":{"line":157,"column":48}},"52":{"start":{"line":160,"column":20},"end":{"line":160,"column":29}},"53":{"start":{"line":162,"column":4},"end":{"line":164,"column":5}},"54":{"start":{"line":163,"column":8},"end":{"line":163,"column":44}},"55":{"start":{"line":166,"column":4},"end":{"line":166,"column":21}},"56":{"start":{"line":178,"column":19},"end":{"line":178,"column":20}},"57":{"start":{"line":180,"column":4},"end":{"line":182,"column":5}},"58":{"start":{"line":181,"column":8},"end":{"line":181,"column":72}},"59":{"start":{"line":184,"column":4},"end":{"line":186,"column":5}},"60":{"start":{"line":185,"column":8},"end":{"line":185,"column":44}},"61":{"start":{"line":188,"column":12},"end":{"line":188,"column":13}},"62":{"start":{"line":189,"column":20},"end":{"line":189,"column":21}},"63":{"start":{"line":191,"column":4},"end":{"line":194,"column":5}},"64":{"start":{"line":192,"column":8},"end":{"line":192,"column":34}},"65":{"start":{"line":193,"column":8},"end":{"line":193,"column":12}},"66":{"start":{"line":196,"column":4},"end":{"line":196,"column":21}},"67":{"start":{"line":206,"column":19},"end":{"line":206,"column":20}},"68":{"start":{"line":207,"column":4},"end":{"line":209,"column":5}},"69":{"start":{"line":208,"column":8},"end":{"line":208,"column":72}},"70":{"start":{"line":211,"column":4},"end":{"line":213,"column":5}},"71":{"start":{"line":212,"column":8},"end":{"line":212,"column":44}},"72":{"start":{"line":215,"column":12},"end":{"line":215,"column":13}},"73":{"start":{"line":216,"column":15},"end":{"line":216,"column":16}},"74":{"start":{"line":218,"column":4},"end":{"line":221,"column":5}},"75":{"start":{"line":219,"column":8},"end":{"line":219,"column":24}},"76":{"start":{"line":220,"column":8},"end":{"line":220,"column":12}},"77":{"start":{"line":223,"column":4},"end":{"line":223,"column":16}},"78":{"start":{"line":234,"column":19},"end":{"line":234,"column":20}},"79":{"start":{"line":236,"column":4},"end":{"line":238,"column":5}},"80":{"start":{"line":237,"column":8},"end":{"line":237,"column":63}},"81":{"start":{"line":240,"column":4},"end":{"line":242,"column":5}},"82":{"start":{"line":241,"column":8},"end":{"line":241,"column":49}},"83":{"start":{"line":244,"column":24},"end":{"line":244,"column":32}},"84":{"start":{"line":245,"column":18},"end":{"line":245,"column":25}},"85":{"start":{"line":246,"column":4},"end":{"line":249,"column":5}},"86":{"start":{"line":247,"column":8},"end":{"line":247,"column":32}},"87":{"start":{"line":248,"column":8},"end":{"line":248,"column":27}},"88":{"start":{"line":251,"column":12},"end":{"line":251,"column":13}},"89":{"start":{"line":252,"column":20},"end":{"line":252,"column":21}},"90":{"start":{"line":253,"column":4},"end":{"line":256,"column":5}},"91":{"start":{"line":254,"column":8},"end":{"line":254,"column":40}},"92":{"start":{"line":255,"column":8},"end":{"line":255,"column":12}},"93":{"start":{"line":258,"column":4},"end":{"line":258,"column":21}},"94":{"start":{"line":269,"column":4},"end":{"line":271,"column":5}},"95":{"start":{"line":270,"column":8},"end":{"line":270,"column":63}},"96":{"start":{"line":273,"column":4},"end":{"line":275,"column":5}},"97":{"start":{"line":274,"column":8},"end":{"line":274,"column":49}},"98":{"start":{"line":277,"column":19},"end":{"line":277,"column":20}},"99":{"start":{"line":278,"column":12},"end":{"line":278,"column":13}},"100":{"start":{"line":279,"column":4},"end":{"line":282,"column":5}},"101":{"start":{"line":280,"column":8},"end":{"line":280,"column":43}},"102":{"start":{"line":281,"column":8},"end":{"line":281,"column":12}},"103":{"start":{"line":284,"column":4},"end":{"line":284,"column":20}},"104":{"start":{"line":295,"column":19},"end":{"line":295,"column":20}},"105":{"start":{"line":296,"column":4},"end":{"line":298,"column":5}},"106":{"start":{"line":297,"column":8},"end":{"line":297,"column":63}},"107":{"start":{"line":300,"column":4},"end":{"line":302,"column":5}},"108":{"start":{"line":301,"column":8},"end":{"line":301,"column":39}},"109":{"start":{"line":304,"column":12},"end":{"line":304,"column":14}},"110":{"start":{"line":305,"column":12},"end":{"line":305,"column":14}},"111":{"start":{"line":306,"column":20},"end":{"line":306,"column":21}},"112":{"start":{"line":308,"column":4},"end":{"line":313,"column":5}},"113":{"start":{"line":308,"column":17},"end":{"line":308,"column":18}},"114":{"start":{"line":309,"column":23},"end":{"line":309,"column":24}},"115":{"start":{"line":310,"column":8},"end":{"line":310,"column":18}},"116":{"start":{"line":311,"column":8},"end":{"line":311,"column":19}},"117":{"start":{"line":312,"column":8},"end":{"line":312,"column":51}},"118":{"start":{"line":315,"column":4},"end":{"line":315,"column":21}},"119":{"start":{"line":327,"column":21},"end":{"line":327,"column":22}},"120":{"start":{"line":328,"column":21},"end":{"line":328,"column":22}},"121":{"start":{"line":330,"column":4},"end":{"line":332,"column":5}},"122":{"start":{"line":331,"column":8},"end":{"line":331,"column":63}},"123":{"start":{"line":334,"column":4},"end":{"line":336,"column":5}},"124":{"start":{"line":335,"column":8},"end":{"line":335,"column":49}},"125":{"start":{"line":338,"column":12},"end":{"line":338,"column":13}},"126":{"start":{"line":339,"column":20},"end":{"line":339,"column":30}},"127":{"start":{"line":340,"column":20},"end":{"line":340,"column":26}},"128":{"start":{"line":341,"column":22},"end":{"line":341,"column":23}},"129":{"start":{"line":343,"column":4},"end":{"line":348,"column":5}},"130":{"start":{"line":344,"column":8},"end":{"line":344,"column":42}},"131":{"start":{"line":345,"column":8},"end":{"line":345,"column":38}},"132":{"start":{"line":346,"column":8},"end":{"line":346,"column":56}},"133":{"start":{"line":347,"column":8},"end":{"line":347,"column":18}},"134":{"start":{"line":350,"column":4},"end":{"line":350,"column":21}},"135":{"start":{"line":363,"column":19},"end":{"line":363,"column":20}},"136":{"start":{"line":365,"column":4},"end":{"line":368,"column":5}},"137":{"start":{"line":367,"column":8},"end":{"line":367,"column":63}},"138":{"start":{"line":370,"column":4},"end":{"line":372,"column":5}},"139":{"start":{"line":371,"column":8},"end":{"line":371,"column":57}},"140":{"start":{"line":374,"column":20},"end":{"line":374,"column":27}},"141":{"start":{"line":375,"column":18},"end":{"line":375,"column":25}},"142":{"start":{"line":376,"column":12},"end":{"line":376,"column":13}},"143":{"start":{"line":379,"column":4},"end":{"line":384,"column":5}},"144":{"start":{"line":380,"column":8},"end":{"line":380,"column":24}},"145":{"start":{"line":381,"column":8},"end":{"line":381,"column":40}},"146":{"start":{"line":382,"column":8},"end":{"line":382,"column":22}},"147":{"start":{"line":383,"column":8},"end":{"line":383,"column":18}},"148":{"start":{"line":386,"column":4},"end":{"line":386,"column":31}},"149":{"start":{"line":396,"column":19},"end":{"line":396,"column":20}},"150":{"start":{"line":398,"column":4},"end":{"line":400,"column":5}},"151":{"start":{"line":399,"column":8},"end":{"line":399,"column":63}},"152":{"start":{"line":402,"column":4},"end":{"line":404,"column":5}},"153":{"start":{"line":403,"column":8},"end":{"line":403,"column":44}},"154":{"start":{"line":406,"column":12},"end":{"line":406,"column":13}},"155":{"start":{"line":407,"column":15},"end":{"line":407,"column":16}},"156":{"start":{"line":409,"column":4},"end":{"line":412,"column":5}},"157":{"start":{"line":410,"column":8},"end":{"line":410,"column":18}},"158":{"start":{"line":411,"column":8},"end":{"line":411,"column":24}},"159":{"start":{"line":414,"column":4},"end":{"line":414,"column":26}},"160":{"start":{"line":425,"column":19},"end":{"line":425,"column":20}},"161":{"start":{"line":426,"column":4},"end":{"line":428,"column":5}},"162":{"start":{"line":427,"column":8},"end":{"line":427,"column":63}},"163":{"start":{"line":430,"column":4},"end":{"line":432,"column":5}},"164":{"start":{"line":431,"column":8},"end":{"line":431,"column":38}},"165":{"start":{"line":434,"column":16},"end":{"line":434,"column":17}},"166":{"start":{"line":436,"column":4},"end":{"line":439,"column":5}},"167":{"start":{"line":437,"column":8},"end":{"line":437,"column":45}},"168":{"start":{"line":438,"column":8},"end":{"line":438,"column":21}},"169":{"start":{"line":441,"column":4},"end":{"line":441,"column":17}},"170":{"start":{"line":451,"column":19},"end":{"line":451,"column":20}},"171":{"start":{"line":453,"column":4},"end":{"line":455,"column":5}},"172":{"start":{"line":454,"column":8},"end":{"line":454,"column":63}},"173":{"start":{"line":457,"column":4},"end":{"line":459,"column":5}},"174":{"start":{"line":458,"column":8},"end":{"line":458,"column":38}},"175":{"start":{"line":461,"column":12},"end":{"line":461,"column":13}},"176":{"start":{"line":463,"column":4},"end":{"line":469,"column":5}},"177":{"start":{"line":464,"column":8},"end":{"line":466,"column":9}},"178":{"start":{"line":465,"column":12},"end":{"line":465,"column":25}},"179":{"start":{"line":468,"column":8},"end":{"line":468,"column":12}},"180":{"start":{"line":471,"column":4},"end":{"line":471,"column":16}},"181":{"start":{"line":481,"column":4},"end":{"line":483,"column":5}},"182":{"start":{"line":482,"column":8},"end":{"line":482,"column":64}},"183":{"start":{"line":485,"column":12},"end":{"line":485,"column":13}},"184":{"start":{"line":487,"column":4},"end":{"line":492,"column":5}},"185":{"start":{"line":488,"column":8},"end":{"line":491,"column":9}},"186":{"start":{"line":489,"column":12},"end":{"line":490,"column":34}},"187":{"start":{"line":494,"column":18},"end":{"line":494,"column":34}},"188":{"start":{"line":496,"column":19},"end":{"line":496,"column":49}},"189":{"start":{"line":498,"column":4},"end":{"line":506,"column":5}},"190":{"start":{"line":499,"column":8},"end":{"line":505,"column":9}},"191":{"start":{"line":500,"column":27},"end":{"line":500,"column":32}},"192":{"start":{"line":501,"column":12},"end":{"line":504,"column":13}},"193":{"start":{"line":502,"column":16},"end":{"line":502,"column":36}},"194":{"start":{"line":503,"column":16},"end":{"line":503,"column":40}},"195":{"start":{"line":508,"column":4},"end":{"line":508,"column":31}},"196":{"start":{"line":520,"column":4},"end":{"line":522,"column":5}},"197":{"start":{"line":521,"column":8},"end":{"line":521,"column":63}},"198":{"start":{"line":524,"column":4},"end":{"line":526,"column":5}},"199":{"start":{"line":525,"column":8},"end":{"line":525,"column":54}},"200":{"start":{"line":530,"column":4},"end":{"line":534,"column":5}},"201":{"start":{"line":531,"column":8},"end":{"line":531,"column":34}},"202":{"start":{"line":532,"column":8},"end":{"line":532,"column":26}},"203":{"start":{"line":533,"column":8},"end":{"line":533,"column":24}},"204":{"start":{"line":536,"column":4},"end":{"line":536,"column":19}},"205":{"start":{"line":547,"column":19},"end":{"line":547,"column":20}},"206":{"start":{"line":548,"column":4},"end":{"line":550,"column":5}},"207":{"start":{"line":549,"column":8},"end":{"line":549,"column":63}},"208":{"start":{"line":552,"column":4},"end":{"line":554,"column":5}},"209":{"start":{"line":553,"column":8},"end":{"line":553,"column":49}},"210":{"start":{"line":556,"column":4},"end":{"line":563,"column":5}},"211":{"start":{"line":557,"column":8},"end":{"line":562,"column":9}},"212":{"start":{"line":558,"column":12},"end":{"line":558,"column":40}},"213":{"start":{"line":561,"column":12},"end":{"line":561,"column":40}},"214":{"start":{"line":565,"column":4},"end":{"line":565,"column":19}},"215":{"start":{"line":576,"column":4},"end":{"line":578,"column":5}},"216":{"start":{"line":577,"column":8},"end":{"line":577,"column":64}},"217":{"start":{"line":580,"column":12},"end":{"line":580,"column":13}},"218":{"start":{"line":582,"column":4},"end":{"line":587,"column":5}},"219":{"start":{"line":583,"column":8},"end":{"line":586,"column":9}},"220":{"start":{"line":584,"column":12},"end":{"line":585,"column":34}},"221":{"start":{"line":589,"column":4},"end":{"line":591,"column":5}},"222":{"start":{"line":590,"column":8},"end":{"line":590,"column":63}},"223":{"start":{"line":593,"column":4},"end":{"line":595,"column":5}},"224":{"start":{"line":594,"column":8},"end":{"line":594,"column":50}},"225":{"start":{"line":597,"column":20},"end":{"line":597,"column":43}},"226":{"start":{"line":599,"column":4},"end":{"line":601,"column":5}},"227":{"start":{"line":600,"column":8},"end":{"line":600,"column":52}},"228":{"start":{"line":603,"column":4},"end":{"line":603,"column":21}},"229":{"start":{"line":614,"column":19},"end":{"line":614,"column":20}},"230":{"start":{"line":616,"column":4},"end":{"line":618,"column":5}},"231":{"start":{"line":617,"column":8},"end":{"line":617,"column":63}},"232":{"start":{"line":620,"column":4},"end":{"line":622,"column":5}},"233":{"start":{"line":621,"column":8},"end":{"line":621,"column":39}},"234":{"start":{"line":624,"column":15},"end":{"line":624,"column":16}},"235":{"start":{"line":625,"column":20},"end":{"line":625,"column":21}},"236":{"start":{"line":627,"column":4},"end":{"line":629,"column":5}},"237":{"start":{"line":628,"column":8},"end":{"line":628,"column":25}},"238":{"start":{"line":631,"column":12},"end":{"line":631,"column":13}},"239":{"start":{"line":633,"column":4},"end":{"line":638,"column":5}},"240":{"start":{"line":634,"column":18},"end":{"line":634,"column":27}},"241":{"start":{"line":635,"column":8},"end":{"line":635,"column":37}},"242":{"start":{"line":636,"column":8},"end":{"line":636,"column":19}},"243":{"start":{"line":637,"column":8},"end":{"line":637,"column":12}},"244":{"start":{"line":640,"column":4},"end":{"line":640,"column":21}},"245":{"start":{"line":651,"column":22},"end":{"line":651,"column":24}},"246":{"start":{"line":652,"column":26},"end":{"line":652,"column":27}},"247":{"start":{"line":653,"column":27},"end":{"line":653,"column":29}},"248":{"start":{"line":654,"column":26},"end":{"line":654,"column":28}},"249":{"start":{"line":656,"column":4},"end":{"line":658,"column":5}},"250":{"start":{"line":657,"column":8},"end":{"line":657,"column":64}},"251":{"start":{"line":660,"column":4},"end":{"line":662,"column":5}},"252":{"start":{"line":661,"column":8},"end":{"line":661,"column":62}},"253":{"start":{"line":664,"column":12},"end":{"line":664,"column":13}},"254":{"start":{"line":666,"column":4},"end":{"line":671,"column":5}},"255":{"start":{"line":667,"column":8},"end":{"line":670,"column":9}},"256":{"start":{"line":668,"column":12},"end":{"line":669,"column":35}},"257":{"start":{"line":673,"column":12},"end":{"line":673,"column":13}},"258":{"start":{"line":674,"column":12},"end":{"line":674,"column":13}},"259":{"start":{"line":676,"column":4},"end":{"line":679,"column":5}},"260":{"start":{"line":677,"column":8},"end":{"line":677,"column":34}},"261":{"start":{"line":678,"column":8},"end":{"line":678,"column":38}},"262":{"start":{"line":681,"column":13},"end":{"line":681,"column":55}},"263":{"start":{"line":682,"column":13},"end":{"line":682,"column":55}},"264":{"start":{"line":684,"column":4},"end":{"line":684,"column":71}},"265":{"start":{"line":694,"column":22},"end":{"line":694,"column":24}},"266":{"start":{"line":695,"column":26},"end":{"line":695,"column":27}},"267":{"start":{"line":696,"column":27},"end":{"line":696,"column":29}},"268":{"start":{"line":697,"column":26},"end":{"line":697,"column":28}},"269":{"start":{"line":698,"column":31},"end":{"line":698,"column":32}},"270":{"start":{"line":699,"column":32},"end":{"line":699,"column":33}},"271":{"start":{"line":700,"column":27},"end":{"line":700,"column":28}},"272":{"start":{"line":702,"column":4},"end":{"line":704,"column":5}},"273":{"start":{"line":703,"column":8},"end":{"line":703,"column":64}},"274":{"start":{"line":706,"column":4},"end":{"line":708,"column":5}},"275":{"start":{"line":707,"column":8},"end":{"line":707,"column":62}},"276":{"start":{"line":710,"column":4},"end":{"line":716,"column":5}},"277":{"start":{"line":710,"column":17},"end":{"line":710,"column":18}},"278":{"start":{"line":711,"column":8},"end":{"line":715,"column":9}},"279":{"start":{"line":713,"column":12},"end":{"line":714,"column":42}},"280":{"start":{"line":718,"column":12},"end":{"line":718,"column":26}},"281":{"start":{"line":719,"column":12},"end":{"line":719,"column":37}},"282":{"start":{"line":720,"column":12},"end":{"line":720,"column":37}},"283":{"start":{"line":722,"column":4},"end":{"line":726,"column":5}},"284":{"start":{"line":723,"column":8},"end":{"line":723,"column":25}},"285":{"start":{"line":724,"column":8},"end":{"line":724,"column":18}},"286":{"start":{"line":725,"column":8},"end":{"line":725,"column":12}},"287":{"start":{"line":728,"column":12},"end":{"line":728,"column":54}},"288":{"start":{"line":729,"column":12},"end":{"line":730,"column":39}},"289":{"start":{"line":732,"column":4},"end":{"line":732,"column":77}},"290":{"start":{"line":738,"column":0},"end":{"line":758,"column":39}}},"fnMap":{"0":{"name":"diaDaSemana","decl":{"start":{"line":16,"column":9},"end":{"line":16,"column":20}},"loc":{"start":{"line":16,"column":36},"end":{"line":45,"column":1}},"line":16},"1":{"name":"diaInvalido","decl":{"start":{"line":54,"column":9},"end":{"line":54,"column":20}},"loc":{"start":{"line":54,"column":26},"end":{"line":56,"column":1}},"line":54},"2":{"name":"mesInvalido","decl":{"start":{"line":65,"column":9},"end":{"line":65,"column":20}},"loc":{"start":{"line":65,"column":26},"end":{"line":67,"column":1}},"line":65},"3":{"name":"anoInvalido","decl":{"start":{"line":76,"column":9},"end":{"line":76,"column":20}},"loc":{"start":{"line":76,"column":26},"end":{"line":78,"column":1}},"line":76},"4":{"name":"numero153","decl":{"start":{"line":87,"column":9},"end":{"line":87,"column":18}},"loc":{"start":{"line":87,"column":27},"end":{"line":109,"column":1}},"line":87},"5":{"name":"numero3025","decl":{"start":{"line":118,"column":9},"end":{"line":118,"column":19}},"loc":{"start":{"line":118,"column":28},"end":{"line":139,"column":1}},"line":118},"6":{"name":"mod","decl":{"start":{"line":149,"column":9},"end":{"line":149,"column":12}},"loc":{"start":{"line":149,"column":37},"end":{"line":167,"column":1}},"line":149},"7":{"name":"somaNaturais","decl":{"start":{"line":177,"column":9},"end":{"line":177,"column":21}},"loc":{"start":{"line":177,"column":30},"end":{"line":197,"column":1}},"line":177},"8":{"name":"fatorial","decl":{"start":{"line":205,"column":9},"end":{"line":205,"column":17}},"loc":{"start":{"line":205,"column":26},"end":{"line":224,"column":1}},"line":205},"9":{"name":"produto","decl":{"start":{"line":233,"column":9},"end":{"line":233,"column":16}},"loc":{"start":{"line":233,"column":36},"end":{"line":259,"column":1}},"line":233},"10":{"name":"potencia","decl":{"start":{"line":268,"column":9},"end":{"line":268,"column":17}},"loc":{"start":{"line":268,"column":34},"end":{"line":285,"column":1}},"line":268},"11":{"name":"pi","decl":{"start":{"line":294,"column":9},"end":{"line":294,"column":11}},"loc":{"start":{"line":294,"column":20},"end":{"line":317,"column":1}},"line":294},"12":{"name":"logaritmoNatural","decl":{"start":{"line":326,"column":9},"end":{"line":326,"column":25}},"loc":{"start":{"line":326,"column":46},"end":{"line":351,"column":1}},"line":326},"13":{"name":"razaoAurea","decl":{"start":{"line":362,"column":9},"end":{"line":362,"column":19}},"loc":{"start":{"line":362,"column":50},"end":{"line":387,"column":1}},"line":362},"14":{"name":"quadradoPerfeito","decl":{"start":{"line":395,"column":9},"end":{"line":395,"column":25}},"loc":{"start":{"line":395,"column":34},"end":{"line":415,"column":1}},"line":395},"15":{"name":"raiz","decl":{"start":{"line":424,"column":9},"end":{"line":424,"column":13}},"loc":{"start":{"line":424,"column":34},"end":{"line":442,"column":1}},"line":424},"16":{"name":"primo","decl":{"start":{"line":450,"column":9},"end":{"line":450,"column":14}},"loc":{"start":{"line":450,"column":23},"end":{"line":472,"column":1}},"line":450},"17":{"name":"crivoEratostenes","decl":{"start":{"line":480,"column":9},"end":{"line":480,"column":25}},"loc":{"start":{"line":480,"column":33},"end":{"line":510,"column":1}},"line":480},"18":{"name":"mdc","decl":{"start":{"line":519,"column":9},"end":{"line":519,"column":12}},"loc":{"start":{"line":519,"column":31},"end":{"line":537,"column":1}},"line":519},"19":{"name":"mdc2","decl":{"start":{"line":546,"column":9},"end":{"line":546,"column":13}},"loc":{"start":{"line":546,"column":32},"end":{"line":566,"column":1}},"line":546},"20":{"name":"horner","decl":{"start":{"line":575,"column":9},"end":{"line":575,"column":15}},"loc":{"start":{"line":575,"column":31},"end":{"line":604,"column":1}},"line":575},"21":{"name":"fibonacci","decl":{"start":{"line":613,"column":9},"end":{"line":613,"column":18}},"loc":{"start":{"line":613,"column":27},"end":{"line":641,"column":1}},"line":613},"22":{"name":"digitoCPF","decl":{"start":{"line":650,"column":9},"end":{"line":650,"column":18}},"loc":{"start":{"line":650,"column":26},"end":{"line":685,"column":1}},"line":650},"23":{"name":"digitoCPF2","decl":{"start":{"line":693,"column":9},"end":{"line":693,"column":19}},"loc":{"start":{"line":693,"column":27},"end":{"line":733,"column":1}},"line":693}},"branchMap":{"0":{"loc":{"start":{"line":17,"column":4},"end":{"line":20,"column":5}},"type":"if","locations":[{"start":{"line":17,"column":4},"end":{"line":20,"column":5}},{"start":{"line":17,"column":4},"end":{"line":20,"column":5}}],"line":17},"1":{"loc":{"start":{"line":17,"column":8},"end":{"line":18,"column":29}},"type":"binary-expr","locations":[{"start":{"line":17,"column":8},"end":{"line":17,"column":30}},{"start":{"line":17,"column":34},"end":{"line":17,"column":56}},{"start":{"line":18,"column":7},"end":{"line":18,"column":29}}],"line":17},"2":{"loc":{"start":{"line":22,"column":4},"end":{"line":25,"column":5}},"type":"if","locations":[{"start":{"line":22,"column":4},"end":{"line":25,"column":5}},{"start":{"line":22,"column":4},"end":{"line":25,"column":5}}],"line":22},"3":{"loc":{"start":{"line":22,"column":8},"end":{"line":22,"column":64}},"type":"binary-expr","locations":[{"start":{"line":22,"column":8},"end":{"line":22,"column":24}},{"start":{"line":22,"column":28},"end":{"line":22,"column":44}},{"start":{"line":22,"column":48},"end":{"line":22,"column":64}}],"line":22},"4":{"loc":{"start":{"line":36,"column":4},"end":{"line":39,"column":5}},"type":"if","locations":[{"start":{"line":36,"column":4},"end":{"line":39,"column":5}},{"start":{"line":36,"column":4},"end":{"line":39,"column":5}}],"line":36},"5":{"loc":{"start":{"line":36,"column":8},"end":{"line":36,"column":28}},"type":"binary-expr","locations":[{"start":{"line":36,"column":8},"end":{"line":36,"column":16}},{"start":{"line":36,"column":20},"end":{"line":36,"column":28}}],"line":36},"6":{"loc":{"start":{"line":55,"column":11},"end":{"line":55,"column":30}},"type":"binary-expr","locations":[{"start":{"line":55,"column":11},"end":{"line":55,"column":18}},{"start":{"line":55,"column":22},"end":{"line":55,"column":30}}],"line":55},"7":{"loc":{"start":{"line":66,"column":11},"end":{"line":66,"column":30}},"type":"binary-expr","locations":[{"start":{"line":66,"column":11},"end":{"line":66,"column":18}},{"start":{"line":66,"column":22},"end":{"line":66,"column":30}}],"line":66},"8":{"loc":{"start":{"line":91,"column":4},"end":{"line":93,"column":5}},"type":"if","locations":[{"start":{"line":91,"column":4},"end":{"line":93,"column":5}},{"start":{"line":91,"column":4},"end":{"line":93,"column":5}}],"line":91},"9":{"loc":{"start":{"line":95,"column":4},"end":{"line":97,"column":5}},"type":"if","locations":[{"start":{"line":95,"column":4},"end":{"line":97,"column":5}},{"start":{"line":95,"column":4},"end":{"line":97,"column":5}}],"line":95},"10":{"loc":{"start":{"line":95,"column":8},"end":{"line":95,"column":48}},"type":"binary-expr","locations":[{"start":{"line":95,"column":8},"end":{"line":95,"column":26}},{"start":{"line":95,"column":30},"end":{"line":95,"column":48}}],"line":95},"11":{"loc":{"start":{"line":122,"column":4},"end":{"line":124,"column":5}},"type":"if","locations":[{"start":{"line":122,"column":4},"end":{"line":124,"column":5}},{"start":{"line":122,"column":4},"end":{"line":124,"column":5}}],"line":122},"12":{"loc":{"start":{"line":126,"column":4},"end":{"line":128,"column":5}},"type":"if","locations":[{"start":{"line":126,"column":4},"end":{"line":128,"column":5}},{"start":{"line":126,"column":4},"end":{"line":128,"column":5}}],"line":126},"13":{"loc":{"start":{"line":126,"column":8},"end":{"line":126,"column":48}},"type":"binary-expr","locations":[{"start":{"line":126,"column":8},"end":{"line":126,"column":26}},{"start":{"line":126,"column":30},"end":{"line":126,"column":48}}],"line":126},"14":{"loc":{"start":{"line":130,"column":4},"end":{"line":132,"column":5}},"type":"if","locations":[{"start":{"line":130,"column":4},"end":{"line":132,"column":5}},{"start":{"line":130,"column":4},"end":{"line":132,"column":5}}],"line":130},"15":{"loc":{"start":{"line":152,"column":4},"end":{"line":154,"column":5}},"type":"if","locations":[{"start":{"line":152,"column":4},"end":{"line":154,"column":5}},{"start":{"line":152,"column":4},"end":{"line":154,"column":5}}],"line":152},"16":{"loc":{"start":{"line":152,"column":8},"end":{"line":152,"column":70}},"type":"binary-expr","locations":[{"start":{"line":152,"column":8},"end":{"line":152,"column":36}},{"start":{"line":152,"column":40},"end":{"line":152,"column":70}}],"line":152},"17":{"loc":{"start":{"line":156,"column":4},"end":{"line":158,"column":5}},"type":"if","locations":[{"start":{"line":156,"column":4},"end":{"line":158,"column":5}},{"start":{"line":156,"column":4},"end":{"line":158,"column":5}}],"line":156},"18":{"loc":{"start":{"line":156,"column":8},"end":{"line":156,"column":51}},"type":"binary-expr","locations":[{"start":{"line":156,"column":8},"end":{"line":156,"column":29}},{"start":{"line":156,"column":33},"end":{"line":156,"column":51}}],"line":156},"19":{"loc":{"start":{"line":180,"column":4},"end":{"line":182,"column":5}},"type":"if","locations":[{"start":{"line":180,"column":4},"end":{"line":182,"column":5}},{"start":{"line":180,"column":4},"end":{"line":182,"column":5}}],"line":180},"20":{"loc":{"start":{"line":184,"column":4},"end":{"line":186,"column":5}},"type":"if","locations":[{"start":{"line":184,"column":4},"end":{"line":186,"column":5}},{"start":{"line":184,"column":4},"end":{"line":186,"column":5}}],"line":184},"21":{"loc":{"start":{"line":207,"column":4},"end":{"line":209,"column":5}},"type":"if","locations":[{"start":{"line":207,"column":4},"end":{"line":209,"column":5}},{"start":{"line":207,"column":4},"end":{"line":209,"column":5}}],"line":207},"22":{"loc":{"start":{"line":211,"column":4},"end":{"line":213,"column":5}},"type":"if","locations":[{"start":{"line":211,"column":4},"end":{"line":213,"column":5}},{"start":{"line":211,"column":4},"end":{"line":213,"column":5}}],"line":211},"23":{"loc":{"start":{"line":236,"column":4},"end":{"line":238,"column":5}},"type":"if","locations":[{"start":{"line":236,"column":4},"end":{"line":238,"column":5}},{"start":{"line":236,"column":4},"end":{"line":238,"column":5}}],"line":236},"24":{"loc":{"start":{"line":236,"column":8},"end":{"line":236,"column":65}},"type":"binary-expr","locations":[{"start":{"line":236,"column":8},"end":{"line":236,"column":35}},{"start":{"line":236,"column":39},"end":{"line":236,"column":65}}],"line":236},"25":{"loc":{"start":{"line":240,"column":4},"end":{"line":242,"column":5}},"type":"if","locations":[{"start":{"line":240,"column":4},"end":{"line":242,"column":5}},{"start":{"line":240,"column":4},"end":{"line":242,"column":5}}],"line":240},"26":{"loc":{"start":{"line":240,"column":8},"end":{"line":240,"column":45}},"type":"binary-expr","locations":[{"start":{"line":240,"column":8},"end":{"line":240,"column":25}},{"start":{"line":240,"column":29},"end":{"line":240,"column":45}}],"line":240},"27":{"loc":{"start":{"line":246,"column":4},"end":{"line":249,"column":5}},"type":"if","locations":[{"start":{"line":246,"column":4},"end":{"line":249,"column":5}},{"start":{"line":246,"column":4},"end":{"line":249,"column":5}}],"line":246},"28":{"loc":{"start":{"line":269,"column":4},"end":{"line":271,"column":5}},"type":"if","locations":[{"start":{"line":269,"column":4},"end":{"line":271,"column":5}},{"start":{"line":269,"column":4},"end":{"line":271,"column":5}}],"line":269},"29":{"loc":{"start":{"line":269,"column":8},"end":{"line":269,"column":62}},"type":"binary-expr","locations":[{"start":{"line":269,"column":8},"end":{"line":269,"column":31}},{"start":{"line":269,"column":35},"end":{"line":269,"column":62}}],"line":269},"30":{"loc":{"start":{"line":273,"column":4},"end":{"line":275,"column":5}},"type":"if","locations":[{"start":{"line":273,"column":4},"end":{"line":275,"column":5}},{"start":{"line":273,"column":4},"end":{"line":275,"column":5}}],"line":273},"31":{"loc":{"start":{"line":273,"column":8},"end":{"line":273,"column":32}},"type":"binary-expr","locations":[{"start":{"line":273,"column":8},"end":{"line":273,"column":16}},{"start":{"line":273,"column":20},"end":{"line":273,"column":32}}],"line":273},"32":{"loc":{"start":{"line":296,"column":4},"end":{"line":298,"column":5}},"type":"if","locations":[{"start":{"line":296,"column":4},"end":{"line":298,"column":5}},{"start":{"line":296,"column":4},"end":{"line":298,"column":5}}],"line":296},"33":{"loc":{"start":{"line":300,"column":4},"end":{"line":302,"column":5}},"type":"if","locations":[{"start":{"line":300,"column":4},"end":{"line":302,"column":5}},{"start":{"line":300,"column":4},"end":{"line":302,"column":5}}],"line":300},"34":{"loc":{"start":{"line":330,"column":4},"end":{"line":332,"column":5}},"type":"if","locations":[{"start":{"line":330,"column":4},"end":{"line":332,"column":5}},{"start":{"line":330,"column":4},"end":{"line":332,"column":5}}],"line":330},"35":{"loc":{"start":{"line":330,"column":8},"end":{"line":330,"column":66}},"type":"binary-expr","locations":[{"start":{"line":330,"column":8},"end":{"line":330,"column":33}},{"start":{"line":330,"column":37},"end":{"line":330,"column":66}}],"line":330},"36":{"loc":{"start":{"line":334,"column":4},"end":{"line":336,"column":5}},"type":"if","locations":[{"start":{"line":334,"column":4},"end":{"line":336,"column":5}},{"start":{"line":334,"column":4},"end":{"line":336,"column":5}}],"line":334},"37":{"loc":{"start":{"line":334,"column":8},"end":{"line":334,"column":50}},"type":"binary-expr","locations":[{"start":{"line":334,"column":8},"end":{"line":334,"column":25}},{"start":{"line":334,"column":29},"end":{"line":334,"column":50}}],"line":334},"38":{"loc":{"start":{"line":365,"column":4},"end":{"line":368,"column":5}},"type":"if","locations":[{"start":{"line":365,"column":4},"end":{"line":368,"column":5}},{"start":{"line":365,"column":4},"end":{"line":368,"column":5}}],"line":365},"39":{"loc":{"start":{"line":365,"column":8},"end":{"line":366,"column":36}},"type":"binary-expr","locations":[{"start":{"line":365,"column":8},"end":{"line":365,"column":34}},{"start":{"line":365,"column":38},"end":{"line":365,"column":64}},{"start":{"line":366,"column":7},"end":{"line":366,"column":36}}],"line":365},"40":{"loc":{"start":{"line":370,"column":4},"end":{"line":372,"column":5}},"type":"if","locations":[{"start":{"line":370,"column":4},"end":{"line":372,"column":5}},{"start":{"line":370,"column":4},"end":{"line":372,"column":5}}],"line":370},"41":{"loc":{"start":{"line":370,"column":8},"end":{"line":370,"column":69}},"type":"binary-expr","locations":[{"start":{"line":370,"column":8},"end":{"line":370,"column":24}},{"start":{"line":370,"column":28},"end":{"line":370,"column":45}},{"start":{"line":370,"column":49},"end":{"line":370,"column":69}}],"line":370},"42":{"loc":{"start":{"line":398,"column":4},"end":{"line":400,"column":5}},"type":"if","locations":[{"start":{"line":398,"column":4},"end":{"line":400,"column":5}},{"start":{"line":398,"column":4},"end":{"line":400,"column":5}}],"line":398},"43":{"loc":{"start":{"line":402,"column":4},"end":{"line":404,"column":5}},"type":"if","locations":[{"start":{"line":402,"column":4},"end":{"line":404,"column":5}},{"start":{"line":402,"column":4},"end":{"line":404,"column":5}}],"line":402},"44":{"loc":{"start":{"line":426,"column":4},"end":{"line":428,"column":5}},"type":"if","locations":[{"start":{"line":426,"column":4},"end":{"line":428,"column":5}},{"start":{"line":426,"column":4},"end":{"line":428,"column":5}}],"line":426},"45":{"loc":{"start":{"line":426,"column":8},"end":{"line":426,"column":66}},"type":"binary-expr","locations":[{"start":{"line":426,"column":8},"end":{"line":426,"column":33}},{"start":{"line":426,"column":37},"end":{"line":426,"column":66}}],"line":426},"46":{"loc":{"start":{"line":430,"column":4},"end":{"line":432,"column":5}},"type":"if","locations":[{"start":{"line":430,"column":4},"end":{"line":432,"column":5}},{"start":{"line":430,"column":4},"end":{"line":432,"column":5}}],"line":430},"47":{"loc":{"start":{"line":453,"column":4},"end":{"line":455,"column":5}},"type":"if","locations":[{"start":{"line":453,"column":4},"end":{"line":455,"column":5}},{"start":{"line":453,"column":4},"end":{"line":455,"column":5}}],"line":453},"48":{"loc":{"start":{"line":457,"column":4},"end":{"line":459,"column":5}},"type":"if","locations":[{"start":{"line":457,"column":4},"end":{"line":459,"column":5}},{"start":{"line":457,"column":4},"end":{"line":459,"column":5}}],"line":457},"49":{"loc":{"start":{"line":464,"column":8},"end":{"line":466,"column":9}},"type":"if","locations":[{"start":{"line":464,"column":8},"end":{"line":466,"column":9}},{"start":{"line":464,"column":8},"end":{"line":466,"column":9}}],"line":464},"50":{"loc":{"start":{"line":481,"column":4},"end":{"line":483,"column":5}},"type":"if","locations":[{"start":{"line":481,"column":4},"end":{"line":483,"column":5}},{"start":{"line":481,"column":4},"end":{"line":483,"column":5}}],"line":481},"51":{"loc":{"start":{"line":481,"column":8},"end":{"line":481,"column":46}},"type":"binary-expr","locations":[{"start":{"line":481,"column":8},"end":{"line":481,"column":21}},{"start":{"line":481,"column":25},"end":{"line":481,"column":46}}],"line":481},"52":{"loc":{"start":{"line":488,"column":8},"end":{"line":491,"column":9}},"type":"if","locations":[{"start":{"line":488,"column":8},"end":{"line":491,"column":9}},{"start":{"line":488,"column":8},"end":{"line":491,"column":9}}],"line":488},"53":{"loc":{"start":{"line":499,"column":8},"end":{"line":505,"column":9}},"type":"if","locations":[{"start":{"line":499,"column":8},"end":{"line":505,"column":9}},{"start":{"line":499,"column":8},"end":{"line":505,"column":9}}],"line":499},"54":{"loc":{"start":{"line":520,"column":4},"end":{"line":522,"column":5}},"type":"if","locations":[{"start":{"line":520,"column":4},"end":{"line":522,"column":5}},{"start":{"line":520,"column":4},"end":{"line":522,"column":5}}],"line":520},"55":{"loc":{"start":{"line":520,"column":8},"end":{"line":520,"column":64}},"type":"binary-expr","locations":[{"start":{"line":520,"column":8},"end":{"line":520,"column":34}},{"start":{"line":520,"column":38},"end":{"line":520,"column":64}}],"line":520},"56":{"loc":{"start":{"line":524,"column":4},"end":{"line":526,"column":5}},"type":"if","locations":[{"start":{"line":524,"column":4},"end":{"line":526,"column":5}},{"start":{"line":524,"column":4},"end":{"line":526,"column":5}}],"line":524},"57":{"loc":{"start":{"line":524,"column":8},"end":{"line":524,"column":41}},"type":"binary-expr","locations":[{"start":{"line":524,"column":8},"end":{"line":524,"column":25}},{"start":{"line":524,"column":29},"end":{"line":524,"column":41}}],"line":524},"58":{"loc":{"start":{"line":548,"column":4},"end":{"line":550,"column":5}},"type":"if","locations":[{"start":{"line":548,"column":4},"end":{"line":550,"column":5}},{"start":{"line":548,"column":4},"end":{"line":550,"column":5}}],"line":548},"59":{"loc":{"start":{"line":548,"column":8},"end":{"line":548,"column":64}},"type":"binary-expr","locations":[{"start":{"line":548,"column":8},"end":{"line":548,"column":34}},{"start":{"line":548,"column":38},"end":{"line":548,"column":64}}],"line":548},"60":{"loc":{"start":{"line":552,"column":4},"end":{"line":554,"column":5}},"type":"if","locations":[{"start":{"line":552,"column":4},"end":{"line":554,"column":5}},{"start":{"line":552,"column":4},"end":{"line":554,"column":5}}],"line":552},"61":{"loc":{"start":{"line":552,"column":8},"end":{"line":552,"column":45}},"type":"binary-expr","locations":[{"start":{"line":552,"column":8},"end":{"line":552,"column":25}},{"start":{"line":552,"column":29},"end":{"line":552,"column":45}}],"line":552},"62":{"loc":{"start":{"line":557,"column":8},"end":{"line":562,"column":9}},"type":"if","locations":[{"start":{"line":557,"column":8},"end":{"line":562,"column":9}},{"start":{"line":557,"column":8},"end":{"line":562,"column":9}}],"line":557},"63":{"loc":{"start":{"line":576,"column":4},"end":{"line":578,"column":5}},"type":"if","locations":[{"start":{"line":576,"column":4},"end":{"line":578,"column":5}},{"start":{"line":576,"column":4},"end":{"line":578,"column":5}}],"line":576},"64":{"loc":{"start":{"line":576,"column":8},"end":{"line":576,"column":46}},"type":"binary-expr","locations":[{"start":{"line":576,"column":8},"end":{"line":576,"column":21}},{"start":{"line":576,"column":25},"end":{"line":576,"column":46}}],"line":576},"65":{"loc":{"start":{"line":583,"column":8},"end":{"line":586,"column":9}},"type":"if","locations":[{"start":{"line":583,"column":8},"end":{"line":586,"column":9}},{"start":{"line":583,"column":8},"end":{"line":586,"column":9}}],"line":583},"66":{"loc":{"start":{"line":589,"column":4},"end":{"line":591,"column":5}},"type":"if","locations":[{"start":{"line":589,"column":4},"end":{"line":591,"column":5}},{"start":{"line":589,"column":4},"end":{"line":591,"column":5}}],"line":589},"67":{"loc":{"start":{"line":593,"column":4},"end":{"line":595,"column":5}},"type":"if","locations":[{"start":{"line":593,"column":4},"end":{"line":595,"column":5}},{"start":{"line":593,"column":4},"end":{"line":595,"column":5}}],"line":593},"68":{"loc":{"start":{"line":616,"column":4},"end":{"line":618,"column":5}},"type":"if","locations":[{"start":{"line":616,"column":4},"end":{"line":618,"column":5}},{"start":{"line":616,"column":4},"end":{"line":618,"column":5}}],"line":616},"69":{"loc":{"start":{"line":620,"column":4},"end":{"line":622,"column":5}},"type":"if","locations":[{"start":{"line":620,"column":4},"end":{"line":622,"column":5}},{"start":{"line":620,"column":4},"end":{"line":622,"column":5}}],"line":620},"70":{"loc":{"start":{"line":627,"column":4},"end":{"line":629,"column":5}},"type":"if","locations":[{"start":{"line":627,"column":4},"end":{"line":629,"column":5}},{"start":{"line":627,"column":4},"end":{"line":629,"column":5}}],"line":627},"71":{"loc":{"start":{"line":627,"column":8},"end":{"line":627,"column":34}},"type":"binary-expr","locations":[{"start":{"line":627,"column":8},"end":{"line":627,"column":19}},{"start":{"line":627,"column":23},"end":{"line":627,"column":34}}],"line":627},"72":{"loc":{"start":{"line":656,"column":4},"end":{"line":658,"column":5}},"type":"if","locations":[{"start":{"line":656,"column":4},"end":{"line":658,"column":5}},{"start":{"line":656,"column":4},"end":{"line":658,"column":5}}],"line":656},"73":{"loc":{"start":{"line":656,"column":8},"end":{"line":656,"column":46}},"type":"binary-expr","locations":[{"start":{"line":656,"column":8},"end":{"line":656,"column":21}},{"start":{"line":656,"column":25},"end":{"line":656,"column":46}}],"line":656},"74":{"loc":{"start":{"line":660,"column":4},"end":{"line":662,"column":5}},"type":"if","locations":[{"start":{"line":660,"column":4},"end":{"line":662,"column":5}},{"start":{"line":660,"column":4},"end":{"line":662,"column":5}}],"line":660},"75":{"loc":{"start":{"line":667,"column":8},"end":{"line":670,"column":9}},"type":"if","locations":[{"start":{"line":667,"column":8},"end":{"line":670,"column":9}},{"start":{"line":667,"column":8},"end":{"line":670,"column":9}}],"line":667},"76":{"loc":{"start":{"line":667,"column":12},"end":{"line":667,"column":70}},"type":"binary-expr","locations":[{"start":{"line":667,"column":12},"end":{"line":667,"column":39}},{"start":{"line":667,"column":43},"end":{"line":667,"column":54}},{"start":{"line":667,"column":58},"end":{"line":667,"column":70}}],"line":667},"77":{"loc":{"start":{"line":684,"column":12},"end":{"line":684,"column":69}},"type":"binary-expr","locations":[{"start":{"line":684,"column":12},"end":{"line":684,"column":38}},{"start":{"line":684,"column":42},"end":{"line":684,"column":69}}],"line":684},"78":{"loc":{"start":{"line":702,"column":4},"end":{"line":704,"column":5}},"type":"if","locations":[{"start":{"line":702,"column":4},"end":{"line":704,"column":5}},{"start":{"line":702,"column":4},"end":{"line":704,"column":5}}],"line":702},"79":{"loc":{"start":{"line":702,"column":8},"end":{"line":702,"column":46}},"type":"binary-expr","locations":[{"start":{"line":702,"column":8},"end":{"line":702,"column":21}},{"start":{"line":702,"column":25},"end":{"line":702,"column":46}}],"line":702},"80":{"loc":{"start":{"line":706,"column":4},"end":{"line":708,"column":5}},"type":"if","locations":[{"start":{"line":706,"column":4},"end":{"line":708,"column":5}},{"start":{"line":706,"column":4},"end":{"line":708,"column":5}}],"line":706},"81":{"loc":{"start":{"line":711,"column":8},"end":{"line":715,"column":9}},"type":"if","locations":[{"start":{"line":711,"column":8},"end":{"line":715,"column":9}},{"start":{"line":711,"column":8},"end":{"line":715,"column":9}}],"line":711},"82":{"loc":{"start":{"line":711,"column":12},"end":{"line":712,"column":23}},"type":"binary-expr","locations":[{"start":{"line":711,"column":12},"end":{"line":711,"column":39}},{"start":{"line":711,"column":43},"end":{"line":711,"column":67}},{"start":{"line":712,"column":11},"end":{"line":712,"column":23}}],"line":711},"83":{"loc":{"start":{"line":732,"column":11},"end":{"line":732,"column":76}},"type":"binary-expr","locations":[{"start":{"line":732,"column":12},"end":{"line":732,"column":43}},{"start":{"line":732,"column":49},"end":{"line":732,"column":75}}],"line":732}},"s":{"0":9,"1":1,"2":8,"3":5,"4":3,"5":3,"6":3,"7":3,"8":3,"9":3,"10":3,"11":3,"12":3,"13":2,"14":2,"15":3,"16":3,"17":8,"18":6,"19":4,"20":4,"21":4,"22":4,"23":1,"24":3,"25":1,"26":2,"27":2,"28":2,"29":2,"30":2,"31":2,"32":2,"33":2,"34":2,"35":7,"36":7,"37":7,"38":2,"39":5,"40":2,"41":3,"42":1,"43":2,"44":2,"45":2,"46":2,"47":29,"48":29,"49":2,"50":27,"51":2,"52":25,"53":25,"54":313,"55":25,"56":4,"57":4,"58":1,"59":3,"60":1,"61":2,"62":2,"63":2,"64":1,"65":1,"66":2,"67":3,"68":3,"69":1,"70":2,"71":1,"72":1,"73":1,"74":1,"75":4,"76":4,"77":1,"78":7,"79":7,"80":2,"81":5,"82":2,"83":3,"84":3,"85":3,"86":1,"87":1,"88":3,"89":3,"90":3,"91":8,"92":8,"93":3,"94":5,"95":2,"96":3,"97":2,"98":1,"99":1,"100":1,"101":2,"102":2,"103":1,"104":3,"105":3,"106":1,"107":2,"108":1,"109":1,"110":1,"111":1,"112":1,"113":1,"114":1000,"115":1000,"116":1000,"117":1000,"118":1,"119":5,"120":5,"121":5,"122":2,"123":3,"124":2,"125":1,"126":1,"127":1,"128":1,"129":1,"130":1,"131":1,"132":1,"133":1,"134":1,"135":7,"136":7,"137":3,"138":4,"139":3,"140":1,"141":1,"142":1,"143":1,"144":1000,"145":1000,"146":1000,"147":1000,"148":1,"149":4,"150":4,"151":1,"152":3,"153":1,"154":2,"155":2,"156":2,"157":8,"158":8,"159":2,"160":4,"161":4,"162":2,"163":2,"164":1,"165":1,"166":1,"167":101,"168":101,"169":1,"170":7,"171":7,"172":1,"173":6,"174":1,"175":5,"176":5,"177":247,"178":2,"179":245,"180":3,"181":3,"182":1,"183":2,"184":2,"185":29,"186":1,"187":1,"188":1,"189":1,"190":3,"191":2,"192":2,"193":13,"194":13,"195":1,"196":5,"197":2,"198":3,"199":2,"200":1,"201":3,"202":3,"203":3,"204":1,"205":5,"206":5,"207":2,"208":3,"209":2,"210":1,"211":10,"212":9,"213":1,"214":1,"215":6,"216":2,"217":4,"218":4,"219":9,"220":1,"221":3,"222":1,"223":2,"224":1,"225":1,"226":1,"227":3,"228":1,"229":5,"230":5,"231":1,"232":4,"233":1,"234":3,"235":3,"236":3,"237":2,"238":1,"239":1,"240":6,"241":6,"242":6,"243":6,"244":1,"245":10,"246":10,"247":10,"248":10,"249":10,"250":2,"251":8,"252":2,"253":6,"254":6,"255":56,"256":3,"257":3,"258":3,"259":3,"260":27,"261":27,"262":3,"263":3,"264":3,"265":10,"266":10,"267":10,"268":10,"269":10,"270":10,"271":10,"272":10,"273":2,"274":8,"275":2,"276":6,"277":6,"278":56,"279":3,"280":3,"281":3,"282":3,"283":3,"284":24,"285":24,"286":24,"287":3,"288":3,"289":3,"290":21},"f":{"0":9,"1":8,"2":6,"3":4,"4":4,"5":7,"6":29,"7":4,"8":3,"9":7,"10":5,"11":3,"12":5,"13":7,"14":4,"15":4,"16":7,"17":3,"18":5,"19":5,"20":6,"21":5,"22":10,"23":10},"b":{"0":[1,8],"1":[9,8,8],"2":[5,3],"3":[8,6,4],"4":[2,1],"5":[3,2],"6":[8,7],"7":[6,5],"8":[1,3],"9":[1,2],"10":[3,3],"11":[2,5],"12":[2,3],"13":[5,4],"14":[1,2],"15":[2,27],"16":[29,28],"17":[2,25],"18":[27,26],"19":[1,3],"20":[1,2],"21":[1,2],"22":[1,1],"23":[2,5],"24":[7,6],"25":[2,3],"26":[5,4],"27":[1,2],"28":[2,3],"29":[5,4],"30":[2,1],"31":[3,2],"32":[1,2],"33":[1,1],"34":[2,3],"35":[5,4],"36":[2,1],"37":[3,2],"38":[3,4],"39":[7,6,5],"40":[3,1],"41":[4,3,2],"42":[1,3],"43":[1,2],"44":[2,2],"45":[4,3],"46":[1,1],"47":[1,6],"48":[1,5],"49":[2,245],"50":[1,2],"51":[3,3],"52":[1,28],"53":[2,1],"54":[2,3],"55":[5,4],"56":[2,1],"57":[3,2],"58":[2,3],"59":[5,4],"60":[2,1],"61":[3,2],"62":[9,1],"63":[2,4],"64":[6,5],"65":[1,8],"66":[1,2],"67":[1,1],"68":[1,4],"69":[1,3],"70":[2,1],"71":[3,2],"72":[2,8],"73":[10,9],"74":[2,6],"75":[3,53],"76":[56,55,54],"77":[3,2],"78":[2,8],"79":[10,9],"80":[2,6],"81":[3,53],"82":[56,55,54],"83":[3,2]},"_coverageSchema":"43e27e138ebf9cfc5966b082cf9a028302ed4184","hash":"f30b5b03d5b1c47e6ea5670f708cf4ecd2d95581"}
}
