TN:
SF:/home/otto/repos/cs-2019-01/aula-01/js/algoritmos.js
FN:16,diaDaSemana
FN:54,diaInvalido
FN:65,mesInvalido
FN:76,anoInvalido
FN:87,numero153
FN:118,numero3025
FN:149,mod
FN:177,somaNaturais
FN:205,fatorial
FN:233,produto
FN:268,potencia
FN:294,pi
FN:326,logaritmoNatural
FN:362,razaoAurea
FN:395,quadradoPerfeito
FN:424,raiz
FN:450,primo
FN:480,crivoEratostenes
FN:519,mdc
FN:546,mdc2
FN:575,horner
FN:613,fibonacci
FN:650,digitoCPF
FN:693,digitoCPF2
FNF:24
FNH:24
FNDA:9,diaDaSemana
FNDA:8,diaInvalido
FNDA:6,mesInvalido
FNDA:4,anoInvalido
FNDA:4,numero153
FNDA:7,numero3025
FNDA:29,mod
FNDA:4,somaNaturais
FNDA:3,fatorial
FNDA:7,produto
FNDA:5,potencia
FNDA:3,pi
FNDA:5,logaritmoNatural
FNDA:7,razaoAurea
FNDA:4,quadradoPerfeito
FNDA:4,raiz
FNDA:7,primo
FNDA:3,crivoEratostenes
FNDA:5,mdc
FNDA:5,mdc2
FNDA:6,horner
FNDA:5,fibonacci
FNDA:10,digitoCPF
FNDA:10,digitoCPF2
DA:17,9
DA:19,1
DA:22,8
DA:23,5
DA:27,3
DA:28,3
DA:29,3
DA:30,3
DA:31,3
DA:32,3
DA:33,3
DA:34,3
DA:36,3
DA:37,2
DA:38,2
DA:41,3
DA:44,3
DA:55,8
DA:66,6
DA:77,4
DA:88,4
DA:89,4
DA:91,4
DA:92,1
DA:95,3
DA:96,1
DA:99,2
DA:100,2
DA:101,2
DA:102,2
DA:103,2
DA:104,2
DA:105,2
DA:106,2
DA:108,2
DA:119,7
DA:120,7
DA:122,7
DA:123,2
DA:126,5
DA:127,2
DA:130,3
DA:131,1
DA:134,2
DA:135,2
DA:137,2
DA:138,2
DA:150,29
DA:152,29
DA:153,2
DA:156,27
DA:157,2
DA:160,25
DA:162,25
DA:163,313
DA:166,25
DA:178,4
DA:180,4
DA:181,1
DA:184,3
DA:185,1
DA:188,2
DA:189,2
DA:191,2
DA:192,1
DA:193,1
DA:196,2
DA:206,3
DA:207,3
DA:208,1
DA:211,2
DA:212,1
DA:215,1
DA:216,1
DA:218,1
DA:219,4
DA:220,4
DA:223,1
DA:234,7
DA:236,7
DA:237,2
DA:240,5
DA:241,2
DA:244,3
DA:245,3
DA:246,3
DA:247,1
DA:248,1
DA:251,3
DA:252,3
DA:253,3
DA:254,8
DA:255,8
DA:258,3
DA:269,5
DA:270,2
DA:273,3
DA:274,2
DA:277,1
DA:278,1
DA:279,1
DA:280,2
DA:281,2
DA:284,1
DA:295,3
DA:296,3
DA:297,1
DA:300,2
DA:301,1
DA:304,1
DA:305,1
DA:306,1
DA:308,1
DA:309,1000
DA:310,1000
DA:311,1000
DA:312,1000
DA:315,1
DA:327,5
DA:328,5
DA:330,5
DA:331,2
DA:334,3
DA:335,2
DA:338,1
DA:339,1
DA:340,1
DA:341,1
DA:343,1
DA:344,1
DA:345,1
DA:346,1
DA:347,1
DA:350,1
DA:363,7
DA:365,7
DA:367,3
DA:370,4
DA:371,3
DA:374,1
DA:375,1
DA:376,1
DA:379,1
DA:380,1000
DA:381,1000
DA:382,1000
DA:383,1000
DA:386,1
DA:396,4
DA:398,4
DA:399,1
DA:402,3
DA:403,1
DA:406,2
DA:407,2
DA:409,2
DA:410,8
DA:411,8
DA:414,2
DA:425,4
DA:426,4
DA:427,2
DA:430,2
DA:431,1
DA:434,1
DA:436,1
DA:437,101
DA:438,101
DA:441,1
DA:451,7
DA:453,7
DA:454,1
DA:457,6
DA:458,1
DA:461,5
DA:463,5
DA:464,247
DA:465,2
DA:468,245
DA:471,3
DA:481,3
DA:482,1
DA:485,2
DA:487,2
DA:488,29
DA:489,1
DA:494,1
DA:496,1
DA:498,1
DA:499,3
DA:500,2
DA:501,2
DA:502,13
DA:503,13
DA:508,1
DA:520,5
DA:521,2
DA:524,3
DA:525,2
DA:530,1
DA:531,3
DA:532,3
DA:533,3
DA:536,1
DA:547,5
DA:548,5
DA:549,2
DA:552,3
DA:553,2
DA:556,1
DA:557,10
DA:558,9
DA:561,1
DA:565,1
DA:576,6
DA:577,2
DA:580,4
DA:582,4
DA:583,9
DA:584,1
DA:589,3
DA:590,1
DA:593,2
DA:594,1
DA:597,1
DA:599,1
DA:600,3
DA:603,1
DA:614,5
DA:616,5
DA:617,1
DA:620,4
DA:621,1
DA:624,3
DA:625,3
DA:627,3
DA:628,2
DA:631,1
DA:633,1
DA:634,6
DA:635,6
DA:636,6
DA:637,6
DA:640,1
DA:651,10
DA:652,10
DA:653,10
DA:654,10
DA:656,10
DA:657,2
DA:660,8
DA:661,2
DA:664,6
DA:666,6
DA:667,56
DA:668,3
DA:673,3
DA:674,3
DA:676,3
DA:677,27
DA:678,27
DA:681,3
DA:682,3
DA:684,3
DA:694,10
DA:695,10
DA:696,10
DA:697,10
DA:698,10
DA:699,10
DA:700,10
DA:702,10
DA:703,2
DA:706,8
DA:707,2
DA:710,6
DA:711,56
DA:713,3
DA:718,3
DA:719,3
DA:720,3
DA:722,3
DA:723,24
DA:724,24
DA:725,24
DA:728,3
DA:729,3
DA:732,3
DA:738,21
LF:289
LH:289
BRDA:17,0,0,1
BRDA:17,0,1,8
BRDA:17,1,0,9
BRDA:17,1,1,8
BRDA:17,1,2,8
BRDA:22,2,0,5
BRDA:22,2,1,3
BRDA:22,3,0,8
BRDA:22,3,1,6
BRDA:22,3,2,4
BRDA:36,4,0,2
BRDA:36,4,1,1
BRDA:36,5,0,3
BRDA:36,5,1,2
BRDA:55,6,0,8
BRDA:55,6,1,7
BRDA:66,7,0,6
BRDA:66,7,1,5
BRDA:91,8,0,1
BRDA:91,8,1,3
BRDA:95,9,0,1
BRDA:95,9,1,2
BRDA:95,10,0,3
BRDA:95,10,1,3
BRDA:122,11,0,2
BRDA:122,11,1,5
BRDA:126,12,0,2
BRDA:126,12,1,3
BRDA:126,13,0,5
BRDA:126,13,1,4
BRDA:130,14,0,1
BRDA:130,14,1,2
BRDA:152,15,0,2
BRDA:152,15,1,27
BRDA:152,16,0,29
BRDA:152,16,1,28
BRDA:156,17,0,2
BRDA:156,17,1,25
BRDA:156,18,0,27
BRDA:156,18,1,26
BRDA:180,19,0,1
BRDA:180,19,1,3
BRDA:184,20,0,1
BRDA:184,20,1,2
BRDA:207,21,0,1
BRDA:207,21,1,2
BRDA:211,22,0,1
BRDA:211,22,1,1
BRDA:236,23,0,2
BRDA:236,23,1,5
BRDA:236,24,0,7
BRDA:236,24,1,6
BRDA:240,25,0,2
BRDA:240,25,1,3
BRDA:240,26,0,5
BRDA:240,26,1,4
BRDA:246,27,0,1
BRDA:246,27,1,2
BRDA:269,28,0,2
BRDA:269,28,1,3
BRDA:269,29,0,5
BRDA:269,29,1,4
BRDA:273,30,0,2
BRDA:273,30,1,1
BRDA:273,31,0,3
BRDA:273,31,1,2
BRDA:296,32,0,1
BRDA:296,32,1,2
BRDA:300,33,0,1
BRDA:300,33,1,1
BRDA:330,34,0,2
BRDA:330,34,1,3
BRDA:330,35,0,5
BRDA:330,35,1,4
BRDA:334,36,0,2
BRDA:334,36,1,1
BRDA:334,37,0,3
BRDA:334,37,1,2
BRDA:365,38,0,3
BRDA:365,38,1,4
BRDA:365,39,0,7
BRDA:365,39,1,6
BRDA:365,39,2,5
BRDA:370,40,0,3
BRDA:370,40,1,1
BRDA:370,41,0,4
BRDA:370,41,1,3
BRDA:370,41,2,2
BRDA:398,42,0,1
BRDA:398,42,1,3
BRDA:402,43,0,1
BRDA:402,43,1,2
BRDA:426,44,0,2
BRDA:426,44,1,2
BRDA:426,45,0,4
BRDA:426,45,1,3
BRDA:430,46,0,1
BRDA:430,46,1,1
BRDA:453,47,0,1
BRDA:453,47,1,6
BRDA:457,48,0,1
BRDA:457,48,1,5
BRDA:464,49,0,2
BRDA:464,49,1,245
BRDA:481,50,0,1
BRDA:481,50,1,2
BRDA:481,51,0,3
BRDA:481,51,1,3
BRDA:488,52,0,1
BRDA:488,52,1,28
BRDA:499,53,0,2
BRDA:499,53,1,1
BRDA:520,54,0,2
BRDA:520,54,1,3
BRDA:520,55,0,5
BRDA:520,55,1,4
BRDA:524,56,0,2
BRDA:524,56,1,1
BRDA:524,57,0,3
BRDA:524,57,1,2
BRDA:548,58,0,2
BRDA:548,58,1,3
BRDA:548,59,0,5
BRDA:548,59,1,4
BRDA:552,60,0,2
BRDA:552,60,1,1
BRDA:552,61,0,3
BRDA:552,61,1,2
BRDA:557,62,0,9
BRDA:557,62,1,1
BRDA:576,63,0,2
BRDA:576,63,1,4
BRDA:576,64,0,6
BRDA:576,64,1,5
BRDA:583,65,0,1
BRDA:583,65,1,8
BRDA:589,66,0,1
BRDA:589,66,1,2
BRDA:593,67,0,1
BRDA:593,67,1,1
BRDA:616,68,0,1
BRDA:616,68,1,4
BRDA:620,69,0,1
BRDA:620,69,1,3
BRDA:627,70,0,2
BRDA:627,70,1,1
BRDA:627,71,0,3
BRDA:627,71,1,2
BRDA:656,72,0,2
BRDA:656,72,1,8
BRDA:656,73,0,10
BRDA:656,73,1,9
BRDA:660,74,0,2
BRDA:660,74,1,6
BRDA:667,75,0,3
BRDA:667,75,1,53
BRDA:667,76,0,56
BRDA:667,76,1,55
BRDA:667,76,2,54
BRDA:684,77,0,3
BRDA:684,77,1,2
BRDA:702,78,0,2
BRDA:702,78,1,8
BRDA:702,79,0,10
BRDA:702,79,1,9
BRDA:706,80,0,2
BRDA:706,80,1,6
BRDA:711,81,0,3
BRDA:711,81,1,53
BRDA:711,82,0,56
BRDA:711,82,1,55
BRDA:711,82,2,54
BRDA:732,83,0,3
BRDA:732,83,1,2
BRF:174
BRH:174
end_of_record
